{
  "RSpec": {
    "coverage": {
      "/Users/kjj/tamu_class_resources/my_classes/spring2025/csce_483/code/ruby-react/app/services/mqtt_listener.rb": {
        "lines": [
          1,
          1,
          null,
          null,
          null,
          null,
          null,
          null,
          1,
          1,
          1,
          null,
          null,
          null,
          null,
          null,
          1,
          1,
          null,
          1,
          null,
          1,
          null,
          2,
          null,
          null,
          null,
          null,
          null,
          null,
          2,
          null,
          2,
          1,
          1,
          1,
          null,
          1,
          null,
          5,
          0,
          0,
          null,
          5,
          5,
          5,
          0,
          0,
          null,
          null,
          null,
          5,
          4,
          null,
          1,
          1,
          null,
          0,
          null,
          0,
          null,
          null,
          null,
          null,
          null,
          null,
          null,
          0,
          null,
          null,
          0,
          0,
          null,
          null,
          null,
          1,
          1,
          1,
          null,
          null,
          null,
          null,
          1,
          null,
          null,
          null,
          null,
          null,
          null,
          1,
          12,
          12,
          1,
          1,
          null,
          null,
          11,
          null,
          11,
          11,
          null,
          11,
          1,
          1,
          null,
          null,
          null,
          null,
          10,
          1,
          null,
          9,
          null,
          null,
          null,
          null,
          4,
          null,
          5,
          5,
          null,
          null,
          null,
          4,
          4,
          3,
          3,
          0,
          3,
          0,
          null,
          3,
          3,
          3,
          3,
          3,
          2,
          null,
          1,
          null,
          null,
          null,
          null,
          null,
          null,
          null,
          null,
          null,
          null,
          null,
          null,
          null,
          1,
          3,
          3,
          3,
          3,
          3,
          3,
          null,
          3,
          2,
          null,
          null,
          2,
          1,
          2,
          1,
          null,
          1,
          1,
          null,
          1,
          2,
          1,
          null,
          null,
          null,
          2,
          4,
          2,
          null,
          4,
          2,
          null,
          null,
          null,
          null,
          1,
          1,
          1,
          null,
          1,
          null,
          null,
          null,
          null,
          null,
          null,
          null,
          null,
          null,
          1,
          1,
          null,
          null,
          null,
          null,
          1,
          1,
          null,
          1,
          1,
          1,
          null,
          0,
          null,
          1,
          0,
          null,
          null,
          1,
          1,
          null,
          null,
          null,
          1,
          1,
          1,
          null,
          null,
          null,
          null,
          null,
          null,
          null,
          null,
          null,
          1,
          1,
          1,
          1,
          1,
          0,
          0,
          null,
          null,
          1,
          1,
          1,
          null,
          1,
          1,
          1,
          1,
          1,
          1,
          1,
          null,
          0,
          0,
          null,
          null,
          null,
          null,
          0,
          null,
          null,
          null,
          1,
          1,
          1,
          1,
          0,
          0,
          null,
          1,
          1,
          null,
          null,
          null,
          null,
          null,
          1,
          null,
          null,
          null,
          1,
          1,
          null,
          null,
          1,
          6,
          6,
          null,
          5,
          null,
          5,
          null,
          1,
          1,
          null,
          2,
          1,
          1,
          null,
          2,
          null,
          2,
          1,
          null,
          1,
          null,
          null,
          null,
          null,
          1,
          5,
          5,
          null,
          null,
          3,
          3,
          3,
          null,
          null,
          null,
          null,
          null,
          3,
          null,
          null,
          null,
          null,
          null,
          2,
          null,
          1,
          null,
          2,
          null,
          null,
          null,
          1,
          14,
          14,
          null,
          null,
          1,
          5,
          5,
          null,
          null,
          1,
          8,
          8,
          null,
          null,
          1,
          1,
          1,
          1,
          null,
          null,
          null,
          null,
          null,
          null,
          1,
          null,
          null,
          null,
          1,
          10,
          10,
          null,
          10,
          9,
          null,
          7,
          null,
          null,
          null,
          null,
          7,
          null,
          null,
          null,
          null,
          7,
          null,
          null,
          null,
          null,
          7,
          null,
          null,
          null,
          null,
          null,
          7,
          7,
          7,
          null,
          7,
          6,
          6,
          null,
          1,
          1,
          null,
          null,
          null,
          7,
          1,
          1,
          1,
          null,
          null,
          null,
          null,
          null,
          null,
          null,
          null,
          7,
          1,
          1,
          1,
          6,
          1,
          1,
          5,
          5,
          5,
          0,
          0,
          null,
          5,
          4,
          4,
          1,
          null,
          5,
          2,
          null,
          null,
          null,
          0,
          0,
          0,
          0,
          0,
          0,
          0,
          null,
          0,
          0,
          0,
          null,
          0,
          0,
          null,
          null,
          null,
          null,
          1,
          null,
          4,
          null,
          null,
          null,
          null,
          null,
          null
        ]
      },
      "/Users/kjj/tamu_class_resources/my_classes/spring2025/csce_483/code/ruby-react/app/helpers/control_signals_helper.rb": {
        "lines": [
          null,
          null,
          null,
          null,
          1,
          null,
          null,
          null,
          null,
          null,
          null,
          null,
          null,
          1,
          16,
          null,
          16,
          null,
          null,
          14,
          14,
          14,
          null,
          null,
          null,
          null,
          null,
          null,
          null,
          null,
          null,
          null,
          1,
          12,
          12,
          null,
          10,
          2,
          3,
          2,
          2,
          1,
          null,
          null,
          null,
          null,
          null,
          null,
          null,
          null,
          null,
          null,
          null,
          1,
          17,
          17,
          null,
          15,
          null,
          3,
          null,
          5,
          null,
          4,
          null,
          2,
          null,
          1,
          null,
          null,
          15,
          15,
          15,
          null,
          null
        ]
      },
      "/Users/kjj/tamu_class_resources/my_classes/spring2025/csce_483/code/ruby-react/app/helpers/application_helper.rb": {
        "lines": [
          null,
          null,
          null,
          1,
          null
        ]
      },
      "/Users/kjj/tamu_class_resources/my_classes/spring2025/csce_483/code/ruby-react/app/helpers/plants_helper.rb": {
        "lines": [
          null,
          null,
          null,
          1,
          null,
          null,
          null,
          null,
          null,
          null,
          1,
          36,
          36,
          36,
          36,
          null,
          null,
          null,
          null,
          null,
          null,
          null,
          null,
          1,
          6,
          null,
          null
        ]
      },
      "/Users/kjj/tamu_class_resources/my_classes/spring2025/csce_483/code/ruby-react/app/helpers/zip_code_helper.rb": {
        "lines": [
          null,
          null,
          null,
          null,
          1,
          1,
          null,
          null,
          null,
          1,
          null,
          null,
          null,
          null,
          null,
          null,
          1,
          39921,
          null,
          null,
          null,
          null,
          null,
          null,
          null,
          null,
          null,
          null,
          null,
          null,
          null,
          1,
          18,
          null,
          null,
          null,
          null,
          null,
          null,
          null,
          1,
          14,
          12,
          12,
          6,
          null,
          6,
          6,
          null,
          null
        ]
      },
      "/Users/kjj/tamu_class_resources/my_classes/spring2025/csce_483/code/ruby-react/app/jobs/sensor_notification_job.rb": {
        "lines": [
          null,
          null,
          null,
          null,
          1,
          1,
          null,
          null,
          null,
          null,
          null,
          null,
          null,
          null,
          1,
          465,
          464,
          null,
          464,
          464,
          464,
          null,
          464,
          null,
          null,
          12,
          null,
          12,
          null,
          16,
          15,
          15,
          null,
          15,
          null,
          15,
          1,
          6,
          1,
          1,
          6,
          0,
          null,
          null,
          15,
          null,
          null,
          15,
          null,
          15,
          null,
          15,
          7,
          null,
          7,
          null,
          7,
          null,
          null,
          null,
          null,
          7,
          7,
          null,
          7,
          7,
          null,
          8,
          null,
          null,
          null,
          1,
          null,
          null,
          null,
          1,
          1,
          1,
          null,
          null
        ]
      },
      "/Users/kjj/tamu_class_resources/my_classes/spring2025/csce_483/code/ruby-react/app/jobs/application_job.rb": {
        "lines": [
          null,
          null,
          null,
          null,
          1,
          null,
          null,
          null,
          null,
          null,
          null
        ]
      },
      "/Users/kjj/tamu_class_resources/my_classes/spring2025/csce_483/code/ruby-react/app/mailers/sensor_mailer.rb": {
        "lines": [
          null,
          null,
          null,
          null,
          null,
          null,
          1,
          null,
          null,
          null,
          null,
          null,
          null,
          null,
          1,
          3,
          3,
          3,
          null,
          3,
          null,
          3,
          null,
          null,
          null,
          null,
          null
        ]
      },
      "/Users/kjj/tamu_class_resources/my_classes/spring2025/csce_483/code/ruby-react/app/mailers/application_mailer.rb": {
        "lines": [
          null,
          null,
          null,
          null,
          1,
          1,
          1,
          null
        ]
      },
      "/Users/kjj/tamu_class_resources/my_classes/spring2025/csce_483/code/ruby-react/app/models/sensor_notification_log.rb": {
        "lines": [
          null,
          null,
          null,
          null,
          null,
          null,
          null,
          null,
          null,
          null,
          null,
          null,
          null,
          null,
          1,
          null,
          null,
          1,
          null
        ]
      },
      "/Users/kjj/tamu_class_resources/my_classes/spring2025/csce_483/code/ruby-react/app/models/application_record.rb": {
        "lines": [
          null,
          null,
          null,
          1,
          1,
          null
        ]
      },
      "/Users/kjj/tamu_class_resources/my_classes/spring2025/csce_483/code/ruby-react/app/models/user.rb": {
        "lines": [
          null,
          null,
          null,
          null,
          null,
          null,
          null,
          null,
          null,
          null,
          null,
          null,
          null,
          null,
          1,
          1,
          null,
          1,
          1,
          null,
          1,
          null,
          null,
          null,
          null,
          null,
          1,
          4,
          null,
          4,
          4,
          4,
          4,
          4,
          4,
          4,
          4,
          null,
          null
        ]
      },
      "/Users/kjj/tamu_class_resources/my_classes/spring2025/csce_483/code/ruby-react/app/controllers/mqtt_controller.rb": {
        "lines": [
          1,
          null,
          null,
          null,
          null,
          null,
          null,
          1,
          1,
          1,
          1,
          1,
          null,
          null,
          null,
          null,
          null,
          null,
          null,
          1,
          1,
          1,
          1,
          null,
          0,
          null,
          null,
          null,
          null,
          null,
          null,
          1,
          1,
          1,
          1,
          null,
          0,
          null,
          null,
          1,
          null,
          null,
          null,
          null,
          1,
          8,
          null,
          null,
          null,
          null,
          null,
          null,
          null,
          1,
          0,
          null,
          null,
          null,
          0,
          null,
          null,
          null,
          null,
          null,
          null,
          1,
          4,
          2,
          null,
          null,
          null,
          null,
          null,
          null,
          1,
          4,
          2,
          null,
          null,
          null,
          null,
          null,
          null,
          1,
          4,
          null,
          4,
          2,
          null,
          null,
          null
        ]
      },
      "/Users/kjj/tamu_class_resources/my_classes/spring2025/csce_483/code/ruby-react/app/controllers/authenticated_application_controller.rb": {
        "lines": [
          null,
          null,
          null,
          null,
          1,
          1,
          null
        ]
      },
      "/Users/kjj/tamu_class_resources/my_classes/spring2025/csce_483/code/ruby-react/app/controllers/application_controller.rb": {
        "lines": [
          null,
          null,
          null,
          null,
          null,
          1,
          null,
          1,
          1,
          null,
          1,
          null,
          1,
          null,
          1,
          null,
          null,
          null,
          null,
          1,
          null,
          62,
          null,
          null,
          null,
          null,
          null,
          null,
          null,
          62,
          54,
          null,
          8,
          null,
          62,
          null,
          null,
          1,
          null,
          null,
          null,
          null,
          null,
          1,
          null,
          2,
          2,
          null,
          null
        ]
      },
      "/Users/kjj/tamu_class_resources/my_classes/spring2025/csce_483/code/ruby-react/app/services/care_schedule_calculator.rb": {
        "lines": [
          null,
          null,
          null,
          null,
          null,
          null,
          null,
          1,
          null,
          null,
          null,
          null,
          1,
          16,
          null,
          null,
          null,
          null,
          null,
          null,
          null,
          null,
          null,
          1,
          5,
          null,
          3,
          null,
          null,
          null,
          null,
          null,
          null,
          2,
          null,
          null,
          null,
          null,
          null,
          null,
          null,
          null,
          1,
          null,
          null,
          null,
          null,
          null,
          1,
          5,
          12,
          2,
          6,
          3,
          1,
          null,
          null,
          5,
          null,
          null,
          null,
          null,
          null,
          null,
          1,
          5,
          12,
          3,
          6,
          2,
          1,
          null,
          null,
          5,
          null,
          null,
          null,
          null,
          null,
          1,
          4,
          null,
          null,
          9,
          null,
          4,
          null,
          null,
          null,
          null,
          null,
          1,
          5,
          9,
          null,
          9,
          null,
          null,
          12,
          null,
          null,
          null,
          null,
          null,
          null,
          1,
          13,
          null,
          11,
          9,
          null,
          2,
          null,
          null,
          null
        ]
      },
      "/Users/kjj/tamu_class_resources/my_classes/spring2025/csce_483/code/ruby-react/app/services/plant_recommendation_service.rb": {
        "lines": [
          null,
          null,
          null,
          null,
          null,
          1,
          1,
          null,
          null,
          null,
          null,
          null,
          null,
          null,
          null,
          null,
          null,
          1,
          17,
          17,
          17,
          null,
          null,
          null,
          null,
          null,
          1,
          17,
          null,
          null,
          1,
          null,
          null,
          null,
          null,
          1,
          17,
          null,
          null,
          null,
          null,
          null,
          1,
          12,
          12,
          null,
          12,
          null,
          12,
          null,
          12,
          9,
          null,
          null,
          null,
          null,
          3,
          null,
          null,
          null,
          null,
          null,
          null,
          null,
          null,
          null,
          null,
          1,
          5,
          5,
          5,
          null,
          5,
          null,
          null,
          4,
          null,
          4,
          4,
          null,
          3,
          null,
          3,
          2,
          null,
          null,
          null,
          1,
          null,
          null,
          null,
          null,
          null,
          null,
          null
        ]
      },
      "/Users/kjj/tamu_class_resources/my_classes/spring2025/csce_483/code/ruby-react/app/services/timelapse_generator.rb": {
        "lines": [
          null,
          null,
          1,
          1,
          1,
          null,
          null,
          null,
          null,
          null,
          1,
          null,
          1,
          null,
          null,
          1,
          null,
          null,
          1,
          null,
          null,
          null,
          null,
          null,
          null,
          null,
          1,
          7,
          1,
          null,
          6,
          null,
          7,
          7,
          null,
          null,
          null,
          null,
          null,
          1,
          2,
          2,
          2,
          null,
          1,
          1,
          null,
          1,
          null,
          null,
          null,
          1,
          null,
          null,
          null,
          null,
          null,
          1,
          2,
          null,
          4,
          4,
          4,
          null,
          null,
          4,
          4,
          null,
          null,
          4,
          null,
          0,
          0,
          null,
          null,
          null,
          null,
          null,
          null,
          null,
          null,
          1,
          2,
          null,
          2,
          2,
          4,
          null,
          null,
          null,
          2,
          null,
          null,
          null,
          null,
          null,
          null,
          1,
          null,
          2,
          null,
          null,
          null,
          null,
          null,
          null,
          null,
          null,
          null,
          null,
          2,
          null,
          null
        ]
      },
      "/Users/kjj/tamu_class_resources/my_classes/spring2025/csce_483/code/ruby-react/app/workers/timelapse_worker.rb": {
        "lines": [
          null,
          null,
          null,
          null,
          null,
          null,
          1,
          1,
          null,
          null,
          null,
          null,
          null,
          null,
          null,
          1,
          7,
          null,
          6,
          null,
          21,
          6,
          null,
          4,
          3,
          null,
          1,
          1,
          null,
          null,
          null,
          null,
          null,
          null,
          2,
          null,
          null
        ]
      },
      "/Users/kjj/tamu_class_resources/my_classes/spring2025/csce_483/code/ruby-react/app/models/sensor.rb": {
        "lines": [
          null,
          null,
          null,
          null,
          null,
          null,
          null,
          null,
          null,
          null,
          null,
          null,
          1,
          null,
          null,
          1,
          null,
          null,
          null,
          1,
          null,
          1,
          null,
          1,
          null,
          null,
          null,
          null,
          1,
          60,
          null,
          null
        ]
      },
      "/Users/kjj/tamu_class_resources/my_classes/spring2025/csce_483/code/ruby-react/app/models/plant_module.rb": {
        "lines": [
          null,
          null,
          null,
          null,
          null,
          null,
          null,
          null,
          null,
          null,
          null,
          null,
          null,
          null,
          null,
          null,
          1,
          null,
          null,
          1,
          null,
          null,
          null,
          1,
          null,
          null,
          null,
          1,
          null,
          null,
          null,
          1,
          null,
          null,
          null,
          1,
          null,
          null,
          null,
          1,
          null,
          null,
          null,
          1,
          null,
          null,
          null,
          1,
          null,
          null,
          null,
          1,
          null
        ]
      },
      "/Users/kjj/tamu_class_resources/my_classes/spring2025/csce_483/code/ruby-react/app/models/time_series_datum.rb": {
        "lines": [
          null,
          null,
          null,
          null,
          null,
          null,
          null,
          null,
          null,
          null,
          null,
          null,
          null,
          null,
          1,
          null,
          null,
          1,
          1,
          null,
          null,
          1,
          null,
          1,
          null,
          null,
          null,
          null,
          null,
          1,
          null,
          451,
          null,
          null,
          null,
          null,
          null
        ]
      },
      "/Users/kjj/tamu_class_resources/my_classes/spring2025/csce_483/code/ruby-react/app/models/care_schedule.rb": {
        "lines": [
          null,
          null,
          null,
          null,
          null,
          null,
          null,
          null,
          null,
          null,
          null,
          null,
          null,
          null,
          null,
          null,
          1,
          null,
          null,
          1,
          null,
          1,
          1,
          null,
          1,
          null,
          null,
          null,
          null,
          1,
          28,
          null,
          null
        ]
      },
      "/Users/kjj/tamu_class_resources/my_classes/spring2025/csce_483/code/ruby-react/app/models/control_signal.rb": {
        "lines": [
          null,
          null,
          null,
          null,
          null,
          null,
          null,
          null,
          null,
          null,
          null,
          null,
          null,
          null,
          null,
          null,
          null,
          null,
          null,
          null,
          null,
          null,
          null,
          null,
          1,
          null,
          null,
          1,
          null,
          null,
          null,
          1,
          null,
          null,
          null,
          1,
          null,
          null,
          null,
          1,
          null,
          1,
          null
        ]
      },
      "/Users/kjj/tamu_class_resources/my_classes/spring2025/csce_483/code/ruby-react/app/models/control_execution.rb": {
        "lines": [
          null,
          null,
          null,
          null,
          null,
          null,
          null,
          null,
          null,
          null,
          null,
          null,
          null,
          null,
          null,
          null,
          null,
          null,
          null,
          null,
          1,
          null,
          null,
          1,
          null,
          1,
          1,
          null,
          null,
          null,
          null,
          null,
          null,
          null,
          null,
          null,
          null,
          1,
          null,
          null,
          null,
          null,
          1,
          23,
          null,
          null
        ]
      },
      "/Users/kjj/tamu_class_resources/my_classes/spring2025/csce_483/code/ruby-react/app/controllers/control_signals_controller.rb": {
        "lines": [
          null,
          null,
          null,
          null,
          null,
          null,
          null,
          null,
          null,
          null,
          1,
          1,
          1,
          1,
          null,
          null,
          null,
          null,
          null,
          null,
          1,
          2,
          2,
          null,
          null,
          null,
          null,
          null,
          null,
          null,
          null,
          1,
          null,
          null,
          null,
          null,
          null,
          null,
          null,
          2,
          1,
          null,
          1,
          1,
          null,
          null,
          null,
          null,
          null,
          null,
          null,
          null,
          1,
          3,
          3,
          null,
          null,
          null,
          null,
          3,
          1,
          1,
          1,
          null,
          2,
          null,
          1,
          0,
          null,
          1,
          null,
          1,
          null,
          null,
          null,
          null,
          null,
          null,
          1,
          1,
          1,
          null,
          null,
          1,
          null,
          null,
          null,
          null,
          1,
          7,
          null,
          null,
          null,
          null,
          null,
          1,
          4,
          null,
          null,
          null,
          null,
          null,
          1,
          2,
          null,
          null,
          null,
          null,
          null,
          null
        ]
      },
      "/Users/kjj/tamu_class_resources/my_classes/spring2025/csce_483/code/ruby-react/app/controllers/plant_modules_controller.rb": {
        "lines": [
          null,
          null,
          null,
          null,
          null,
          null,
          null,
          null,
          null,
          null,
          1,
          null,
          null,
          null,
          null,
          null,
          null,
          null,
          null,
          1,
          2,
          null,
          null,
          2,
          null,
          null,
          null,
          null,
          null,
          null,
          2,
          null,
          null,
          null,
          null,
          2,
          0,
          null,
          2,
          null,
          null,
          null,
          null,
          null,
          null,
          null,
          null,
          null,
          null,
          null,
          null,
          null,
          1,
          1,
          1,
          1,
          null,
          1,
          null,
          1,
          1,
          null,
          1,
          null,
          0,
          0,
          null,
          null,
          null,
          null,
          null,
          null,
          null,
          1,
          5,
          null,
          5,
          0,
          5,
          1,
          null,
          null,
          4,
          4,
          4,
          3,
          null,
          3,
          2,
          null,
          null,
          null,
          null,
          2,
          2,
          2,
          1,
          null,
          1,
          null,
          null,
          null,
          2,
          null,
          1,
          null,
          null,
          null,
          4,
          null,
          4,
          0,
          null,
          null,
          null,
          null,
          null,
          null,
          null,
          null,
          null,
          null,
          null,
          null,
          1,
          3,
          3,
          null,
          null,
          3,
          null,
          null,
          null,
          null,
          null,
          null,
          3,
          null,
          null,
          null,
          null,
          null,
          null,
          null,
          null,
          null,
          null,
          null,
          null,
          null,
          null,
          null,
          null,
          1,
          2,
          2,
          1,
          null,
          null,
          1,
          1,
          null,
          0,
          0,
          null,
          null,
          null,
          null,
          null,
          null,
          null,
          1,
          2,
          2,
          1,
          1,
          null,
          1,
          null,
          null,
          null,
          null,
          null,
          null,
          null,
          1,
          0,
          0,
          0,
          null,
          null,
          null,
          1,
          null,
          null,
          null,
          null,
          1,
          2,
          null,
          null
        ]
      },
      "/Users/kjj/tamu_class_resources/my_classes/spring2025/csce_483/code/ruby-react/app/models/module_plant.rb": {
        "lines": [
          null,
          null,
          null,
          null,
          null,
          null,
          null,
          null,
          null,
          null,
          null,
          null,
          1,
          null,
          null,
          1,
          null,
          null,
          null,
          1,
          null,
          1,
          1,
          null,
          1,
          null,
          null,
          null,
          null,
          1,
          0,
          null,
          null
        ]
      },
      "/Users/kjj/tamu_class_resources/my_classes/spring2025/csce_483/code/ruby-react/app/models/plant.rb": {
        "lines": [
          null,
          null,
          null,
          null,
          null,
          null,
          null,
          null,
          null,
          null,
          null,
          null,
          null,
          null,
          null,
          null,
          null,
          null,
          null,
          null,
          1,
          null,
          null,
          null,
          1,
          null,
          15,
          0,
          null,
          15,
          null,
          null,
          null
        ]
      },
      "/Users/kjj/tamu_class_resources/my_classes/spring2025/csce_483/code/ruby-react/app/models/photo.rb": {
        "lines": [
          null,
          null,
          null,
          null,
          null,
          null,
          null,
          null,
          null,
          null,
          1,
          null,
          null,
          1,
          null,
          null,
          null,
          1,
          null
        ]
      },
      "/Users/kjj/tamu_class_resources/my_classes/spring2025/csce_483/code/ruby-react/app/models/schedule.rb": {
        "lines": [
          null,
          null,
          null,
          null,
          null,
          null,
          null,
          null,
          null,
          null,
          null,
          null,
          1,
          null,
          null,
          1,
          null
        ]
      },
      "/Users/kjj/tamu_class_resources/my_classes/spring2025/csce_483/code/ruby-react/app/controllers/plants_controller.rb": {
        "lines": [
          null,
          null,
          null,
          null,
          null,
          null,
          null,
          1,
          1,
          null,
          null,
          null,
          null,
          null,
          null,
          null,
          null,
          null,
          null,
          null,
          null,
          null,
          null,
          null,
          1,
          5,
          1,
          null,
          null,
          null,
          1,
          null,
          null,
          4,
          null,
          null,
          null,
          null,
          null,
          null,
          4,
          1,
          null,
          3,
          null,
          null,
          4,
          null,
          null,
          5,
          1,
          null,
          4,
          null,
          null,
          null,
          null,
          null,
          null,
          null,
          null,
          1,
          2,
          2,
          null,
          null
        ]
      },
      "/Users/kjj/tamu_class_resources/my_classes/spring2025/csce_483/code/ruby-react/app/controllers/sensors_controller.rb": {
        "lines": [
          null,
          null,
          null,
          null,
          null,
          null,
          null,
          1,
          null,
          null,
          null,
          null,
          null,
          null,
          1,
          6,
          null,
          6,
          6,
          1,
          null,
          5,
          5,
          null,
          null,
          null,
          6,
          6,
          null,
          null,
          null,
          null,
          null,
          2166,
          42,
          42,
          0,
          null,
          42,
          null,
          null,
          null,
          null,
          6,
          6,
          6,
          1,
          null,
          null,
          null,
          null,
          null,
          null,
          null,
          null,
          null,
          null,
          null,
          null,
          1,
          3,
          3,
          null,
          3,
          3,
          2,
          null,
          null,
          null,
          null,
          null,
          4,
          null,
          null,
          null,
          null,
          null,
          null,
          null,
          null,
          null,
          null,
          null,
          null,
          1,
          2,
          2,
          2,
          2,
          6,
          2,
          null,
          2,
          2,
          null,
          0,
          null,
          null,
          2,
          2,
          1,
          null,
          null,
          null,
          null,
          null,
          3,
          null,
          null,
          null,
          null,
          null,
          null,
          null,
          1,
          2,
          2,
          null,
          null,
          null,
          null,
          null,
          null,
          null,
          1,
          5,
          5,
          null,
          5,
          1,
          1,
          3,
          0,
          0,
          null,
          null,
          5,
          null,
          null,
          null,
          null,
          169,
          169,
          169,
          48,
          null,
          121,
          null,
          null,
          null,
          5,
          5,
          null,
          null,
          null,
          null,
          null,
          null
        ]
      },
      "/Users/kjj/tamu_class_resources/my_classes/spring2025/csce_483/code/ruby-react/app/controllers/home_controller.rb": {
        "lines": [
          null,
          null,
          null,
          null,
          null,
          null,
          null,
          1,
          null,
          null,
          null,
          1,
          null,
          null,
          null,
          null,
          null,
          1,
          null,
          null
        ]
      },
      "/Users/kjj/tamu_class_resources/my_classes/spring2025/csce_483/code/ruby-react/app/controllers/users/sessions_controller.rb": {
        "lines": [
          1,
          1,
          0,
          null,
          1,
          1,
          null,
          null
        ]
      },
      "/Users/kjj/tamu_class_resources/my_classes/spring2025/csce_483/code/ruby-react/app/controllers/users_controller.rb": {
        "lines": [
          null,
          null,
          null,
          null,
          null,
          null,
          null,
          1,
          null,
          null,
          null,
          1,
          null,
          null,
          null,
          null,
          null,
          null,
          null,
          null,
          null,
          1,
          1,
          1,
          null,
          0,
          0,
          null,
          null,
          null
        ]
      },
      "/Users/kjj/tamu_class_resources/my_classes/spring2025/csce_483/code/ruby-react/app/controllers/users/omniauth_callbacks_controller.rb": {
        "lines": [
          0,
          0,
          0,
          null,
          0,
          0,
          null,
          0,
          0,
          0,
          0,
          0,
          0,
          0,
          null,
          0,
          0,
          0,
          0
        ],
        "branches": {}
      }
    },
    "timestamp": 1745822361
  }
}
